Determining if the pthread_create exist failed with the following output:
Change Dir: /home/munachiso/summer/PCL_TO_IMG/build/CMakeFiles/CMakeTmp

Run Build Command:"/usr/bin/make" "cmTC_2b2c4/fast"
/usr/bin/make -f CMakeFiles/cmTC_2b2c4.dir/build.make CMakeFiles/cmTC_2b2c4.dir/build
make[1]: Entering directory '/home/munachiso/summer/PCL_TO_IMG/build/CMakeFiles/CMakeTmp'
Building C object CMakeFiles/cmTC_2b2c4.dir/CheckSymbolExists.c.o
/usr/bin/cc     -o CMakeFiles/cmTC_2b2c4.dir/CheckSymbolExists.c.o   -c /home/munachiso/summer/PCL_TO_IMG/build/CMakeFiles/CMakeTmp/CheckSymbolExists.c
Linking C executable cmTC_2b2c4
/usr/bin/cmake -E cmake_link_script CMakeFiles/cmTC_2b2c4.dir/link.txt --verbose=1
/usr/bin/cc       CMakeFiles/cmTC_2b2c4.dir/CheckSymbolExists.c.o  -o cmTC_2b2c4 -rdynamic 
CMakeFiles/cmTC_2b2c4.dir/CheckSymbolExists.c.o: In function `main':
CheckSymbolExists.c:(.text+0x16): undefined reference to `pthread_create'
collect2: error: ld returned 1 exit status
CMakeFiles/cmTC_2b2c4.dir/build.make:97: recipe for target 'cmTC_2b2c4' failed
make[1]: *** [cmTC_2b2c4] Error 1
make[1]: Leaving directory '/home/munachiso/summer/PCL_TO_IMG/build/CMakeFiles/CMakeTmp'
Makefile:126: recipe for target 'cmTC_2b2c4/fast' failed
make: *** [cmTC_2b2c4/fast] Error 2

File /home/munachiso/summer/PCL_TO_IMG/build/CMakeFiles/CMakeTmp/CheckSymbolExists.c:
/* */
#include <pthread.h>

int main(int argc, char** argv)
{
  (void)argv;
#ifndef pthread_create
  return ((int*)(&pthread_create))[argc];
#else
  (void)argc;
  return 0;
#endif
}

Determining if the function pthread_create exists in the pthreads failed with the following output:
Change Dir: /home/munachiso/summer/PCL_TO_IMG/build/CMakeFiles/CMakeTmp

Run Build Command:"/usr/bin/make" "cmTC_6521e/fast"
/usr/bin/make -f CMakeFiles/cmTC_6521e.dir/build.make CMakeFiles/cmTC_6521e.dir/build
make[1]: Entering directory '/home/munachiso/summer/PCL_TO_IMG/build/CMakeFiles/CMakeTmp'
Building C object CMakeFiles/cmTC_6521e.dir/CheckFunctionExists.c.o
/usr/bin/cc    -DCHECK_FUNCTION_EXISTS=pthread_create   -o CMakeFiles/cmTC_6521e.dir/CheckFunctionExists.c.o   -c /usr/share/cmake-3.5/Modules/CheckFunctionExists.c
Linking C executable cmTC_6521e
/usr/bin/cmake -E cmake_link_script CMakeFiles/cmTC_6521e.dir/link.txt --verbose=1
/usr/bin/cc   -DCHECK_FUNCTION_EXISTS=pthread_create    CMakeFiles/cmTC_6521e.dir/CheckFunctionExists.c.o  -o cmTC_6521e -rdynamic -lpthreads 
/usr/bin/ld: cannot find -lpthreads
collect2: error: ld returned 1 exit status
CMakeFiles/cmTC_6521e.dir/build.make:97: recipe for target 'cmTC_6521e' failed
make[1]: *** [cmTC_6521e] Error 1
make[1]: Leaving directory '/home/munachiso/summer/PCL_TO_IMG/build/CMakeFiles/CMakeTmp'
Makefile:126: recipe for target 'cmTC_6521e/fast' failed
make: *** [cmTC_6521e/fast] Error 2


